# JRE version: Java(TM) SE Runtime Environment (8.0-b132) (build 1.8.0-b132)
# Java VM: Java HotSpot(TM) 64-Bit Server VM (25.0-b70 mixed mode linux-amd64 compressed oops)
Heap:
 PSYoungGen      total 32256K, used 27380K [0x00000000eb980000, 0x00000000eed00000, 0x0000000100000000)
  eden space 29696K, 92% used [0x00000000eb980000,0x00000000ed43d0d0,0x00000000ed680000)
  from space 2560K, 0% used [0x00000000ed680000,0x00000000ed680000,0x00000000ed900000)
  to   space 2560K, 0% used [0x00000000eea80000,0x00000000eea80000,0x00000000eed00000)
 ParOldGen       total 7680K, used 5309K [0x00000000c2c00000, 0x00000000c3380000, 0x00000000eb980000)
  object space 7680K, 69% used [0x00000000c2c00000,0x00000000c312f6a0,0x00000000c3380000)
 Metaspace       used 26431K, capacity 26630K, committed 26880K, reserved 1073152K
  class space    used 3435K, capacity 3476K, committed 3584K, reserved 1048576K
GC Heap History (10 events):
Event: 3.962 GC heap before
{Heap before GC invocations=12 (full 0):
 PSYoungGen      total 13824K, used 12778K [0x00000000eb980000, 0x00000000ed080000, 0x0000000100000000)
  eden space 11264K, 100% used [0x00000000eb980000,0x00000000ec480000,0x00000000ec480000)
  from space 2560K, 59% used [0x00000000ec480000,0x00000000ec5fa900,0x00000000ec700000)
  to   space 2560K, 0% used [0x00000000ece00000,0x00000000ece00000,0x00000000ed080000)
 ParOldGen       total 61952K, used 3759K [0x00000000c2c00000, 0x00000000c6880000, 0x00000000eb980000)
  object space 61952K, 6% used [0x00000000c2c00000,0x00000000c2fabee8,0x00000000c6880000)
 Metaspace       used 16295K, capacity 16430K, committed 16768K, reserved 1064960K
  class space    used 2083K, capacity 2144K, committed 2176K, reserved 1048576K
Event: 3.980 GC heap after
Heap after GC invocations=12 (full 0):
 PSYoungGen      total 20992K, used 1369K [0x00000000eb980000, 0x00000000ed080000, 0x0000000100000000)
  eden space 18432K, 0% used [0x00000000eb980000,0x00000000eb980000,0x00000000ecb80000)
  from space 2560K, 53% used [0x00000000ece00000,0x00000000ecf56408,0x00000000ed080000)
  to   space 2560K, 0% used [0x00000000ecb80000,0x00000000ecb80000,0x00000000ece00000)
 ParOldGen       total 61952K, used 4383K [0x00000000c2c00000, 0x00000000c6880000, 0x00000000eb980000)
  object space 61952K, 7% used [0x00000000c2c00000,0x00000000c3047ef8,0x00000000c6880000)
 Metaspace       used 16295K, capacity 16430K, committed 16768K, reserved 1064960K
  class space    used 2083K, capacity 2144K, committed 2176K, reserved 1048576K
}
Event: 4.972 GC heap before
{Heap before GC invocations=13 (full 0):
 PSYoungGen      total 20992K, used 19801K [0x00000000eb980000, 0x00000000ed080000, 0x0000000100000000)
  eden space 18432K, 100% used [0x00000000eb980000,0x00000000ecb80000,0x00000000ecb80000)
  from space 2560K, 53% used [0x00000000ece00000,0x00000000ecf56408,0x00000000ed080000)
  to   space 2560K, 0% used [0x00000000ecb80000,0x00000000ecb80000,0x00000000ece00000)
 ParOldGen       total 61952K, used 4383K [0x00000000c2c00000, 0x00000000c6880000, 0x00000000eb980000)
  object space 61952K, 7% used [0x00000000c2c00000,0x00000000c3047ef8,0x00000000c6880000)
 Metaspace       used 17910K, capacity 18010K, committed 18304K, reserved 1064960K
  class space    used 2342K, capacity 2370K, committed 2432K, reserved 1048576K
Event: 4.979 GC heap after
Heap after GC invocations=13 (full 0):
 PSYoungGen      total 20992K, used 1676K [0x00000000eb980000, 0x00000000edb80000, 0x0000000100000000)
  eden space 18432K, 0% used [0x00000000eb980000,0x00000000eb980000,0x00000000ecb80000)
  from space 2560K, 65% used [0x00000000ecb80000,0x00000000ecd23268,0x00000000ece00000)
  to   space 2560K, 0% used [0x00000000ed900000,0x00000000ed900000,0x00000000edb80000)
 ParOldGen       total 61952K, used 4902K [0x00000000c2c00000, 0x00000000c6880000, 0x00000000eb980000)
  object space 61952K, 7% used [0x00000000c2c00000,0x00000000c30c99e8,0x00000000c6880000)
 Metaspace       used 17910K, capacity 18010K, committed 18304K, reserved 1064960K
  class space    used 2342K, capacity 2370K, committed 2432K, reserved 1048576K
}
Event: 6.385 GC heap before
{Heap before GC invocations=14 (full 0):
 PSYoungGen      total 20992K, used 20108K [0x00000000eb980000, 0x00000000edb80000, 0x0000000100000000)
  eden space 18432K, 100% used [0x00000000eb980000,0x00000000ecb80000,0x00000000ecb80000)
  from space 2560K, 65% used [0x00000000ecb80000,0x00000000ecd23268,0x00000000ece00000)
  to   space 2560K, 0% used [0x00000000ed900000,0x00000000ed900000,0x00000000edb80000)
 ParOldGen       total 61952K, used 4902K [0x00000000c2c00000, 0x00000000c6880000, 0x00000000eb980000)
  object space 61952K, 7% used [0x00000000c2c00000,0x00000000c30c99e8,0x00000000c6880000)
 Metaspace       used 20414K, capacity 20550K, committed 20864K, reserved 1067008K
  class space    used 2636K, capacity 2660K, committed 2688K, reserved 1048576K
Event: 6.395 GC heap after
Heap after GC invocations=14 (full 0):
 PSYoungGen      total 32256K, used 1445K [0x00000000eb980000, 0x00000000edb80000, 0x0000000100000000)
  eden space 29696K, 0% used [0x00000000eb980000,0x00000000eb980000,0x00000000ed680000)
  from space 2560K, 56% used [0x00000000ed900000,0x00000000eda69758,0x00000000edb80000)
  to   space 2560K, 0% used [0x00000000ed680000,0x00000000ed680000,0x00000000ed900000)
 ParOldGen       total 61952K, used 5326K [0x00000000c2c00000, 0x00000000c6880000, 0x00000000eb980000)
  object space 61952K, 8% used [0x00000000c2c00000,0x00000000c3133a08,0x00000000c6880000)
 Metaspace       used 20414K, capacity 20550K, committed 20864K, reserved 1067008K
  class space    used 2636K, capacity 2660K, committed 2688K, reserved 1048576K
}
Event: 6.591 GC heap before
{Heap before GC invocations=15 (full 0):
 PSYoungGen      total 32256K, used 7833K [0x00000000eb980000, 0x00000000edb80000, 0x0000000100000000)
  eden space 29696K, 21% used [0x00000000eb980000,0x00000000ebfbd068,0x00000000ed680000)
  from space 2560K, 56% used [0x00000000ed900000,0x00000000eda69758,0x00000000edb80000)
  to   space 2560K, 0% used [0x00000000ed680000,0x00000000ed680000,0x00000000ed900000)
 ParOldGen       total 61952K, used 5326K [0x00000000c2c00000, 0x00000000c6880000, 0x00000000eb980000)
  object space 61952K, 8% used [0x00000000c2c00000,0x00000000c3133a08,0x00000000c6880000)
 Metaspace       used 20863K, capacity 20998K, committed 21248K, reserved 1067008K
  class space    used 2700K, capacity 2724K, committed 2816K, reserved 1048576K
Event: 6.596 GC heap after
Heap after GC invocations=15 (full 0):
 PSYoungGen      total 32256K, used 523K [0x00000000eb980000, 0x00000000eed00000, 0x0000000100000000)
  eden space 29696K, 0% used [0x00000000eb980000,0x00000000eb980000,0x00000000ed680000)
  from space 2560K, 20% used [0x00000000ed680000,0x00000000ed702f98,0x00000000ed900000)
  to   space 2560K, 0% used [0x00000000eea80000,0x00000000eea80000,0x00000000eed00000)
 ParOldGen       total 61952K, used 5688K [0x00000000c2c00000, 0x00000000c6880000, 0x00000000eb980000)
  object space 61952K, 9% used [0x00000000c2c00000,0x00000000c318e218,0x00000000c6880000)
 Metaspace       used 20863K, capacity 20998K, committed 21248K, reserved 1067008K
  class space    used 2700K, capacity 2724K, committed 2816K, reserved 1048576K
}
Event: 6.596 GC heap before
{Heap before GC invocations=16 (full 1):
 PSYoungGen      total 32256K, used 523K [0x00000000eb980000, 0x00000000eed00000, 0x0000000100000000)
  eden space 29696K, 0% used [0x00000000eb980000,0x00000000eb980000,0x00000000ed680000)
  from space 2560K, 20% used [0x00000000ed680000,0x00000000ed702f98,0x00000000ed900000)
  to   space 2560K, 0% used [0x00000000eea80000,0x00000000eea80000,0x00000000eed00000)
 ParOldGen       total 61952K, used 5688K [0x00000000c2c00000, 0x00000000c6880000, 0x00000000eb980000)
  object space 61952K, 9% used [0x00000000c2c00000,0x00000000c318e218,0x00000000c6880000)
 Metaspace       used 20863K, capacity 20998K, committed 21248K, reserved 1067008K
  class space    used 2700K, capacity 2724K, committed 2816K, reserved 1048576K
Event: 6.673 GC heap after
Heap after GC invocations=16 (full 1):
 PSYoungGen      total 32256K, used 0K [0x00000000eb980000, 0x00000000eed00000, 0x0000000100000000)
  eden space 29696K, 0% used [0x00000000eb980000,0x00000000eb980000,0x00000000ed680000)
  from space 2560K, 0% used [0x00000000ed680000,0x00000000ed680000,0x00000000ed900000)
  to   space 2560K, 0% used [0x00000000eea80000,0x00000000eea80000,0x00000000eed00000)
 ParOldGen       total 7680K, used 5309K [0x00000000c2c00000, 0x00000000c3380000, 0x00000000eb980000)
  object space 7680K, 69% used [0x00000000c2c00000,0x00000000c312f6a0,0x00000000c3380000)
 Metaspace       used 20863K, capacity 20998K, committed 21248K, reserved 1067008K
  class space    used 2700K, capacity 2724K, committed 2816K, reserved 1048576K
}

